0 info it worked if it ends with ok
1 verbose cli [ 'C:\\develop_tools\\nodejs\\node.exe',
1 verbose cli   'C:\\develop_tools\\nodejs\\node_modules\\npm\\bin\\npm-cli.js',
1 verbose cli   'start' ]
2 info using npm@3.10.10
3 info using node@v6.10.3
4 verbose run-script [ 'prestart', 'start', 'poststart' ]
5 info lifecycle mytemplate@1.0.0~prestart: mytemplate@1.0.0
6 silly lifecycle mytemplate@1.0.0~prestart: no script for prestart, continuing
7 info lifecycle mytemplate@1.0.0~start: mytemplate@1.0.0
8 verbose lifecycle mytemplate@1.0.0~start: unsafe-perm in lifecycle true
9 verbose lifecycle mytemplate@1.0.0~start: PATH: C:\develop_tools\nvm\v6.10.3\node_modules\npm\bin\node-gyp-bin;G:\workspace\devEnvironment\node_modules\.bin;C:\Program Files\2345Soft\HaoZip;D:\develop_tools\Python35\Scripts\;D:\develop_tools\Python35\;C:\ProgramData\Oracle\Java\javapath;C:\Windows\system32;C:\Windows;C:\Windows\System32\Wbem;C:\Windows\System32\WindowsPowerShell\v1.0\;E:\mysql-5.7.16-winx64\bin;E:\php;C:\ProgramData\ComposerSetup\bin;E:\phpStudy\php55n;D:\develop_tools\java\jdk1.8.0_31\bin;D:\develop_tools\java\jdk1.8.0_31\lib\dt.jar;D:\develop_tools\java\jdk1.8.0_31\lib\tools.jar;D:\develop_tools\MySQL Server 5.7\bin;D:\develop_tools\TortoiseGit\bin;D:\develop_tools\Git\cmd;C:\develop_tools\MySQL\MySQL Server 5.7\bin;D:\develop_tools\android\sdk\platform-tools;D:\develop_tools\android\sdk\tools;E:\phpStudy\php55n;C:\Users\Administrator\AppData\Roaming\Composer\vendor\bin;C:\Users\Administrator\AppData\Roaming\npm;C:\Users\Administrator\AppData\Roaming\npm\node_modules\gradle\bin;C:\develop_tools\nvm;C:\develop_tools\nodejs;%NPM_PATH%\gradle\bin;C:\develop_tools\nvm\npm
10 verbose lifecycle mytemplate@1.0.0~start: CWD: G:\workspace\devEnvironment
11 silly lifecycle mytemplate@1.0.0~start: Args: [ '/d /s /c', 'gulp' ]
12 verbose stack Error: kill ENOSYS
12 verbose stack     at exports._errnoException (util.js:1018:11)
12 verbose stack     at process.kill (internal/process.js:190:13)
12 verbose stack     at process.listener (C:\develop_tools\nvm\v6.10.3\node_modules\npm\node_modules\npmlog\node_modules\gauge\node_modules\signal-exit\index.js:86:15)
12 verbose stack     at emitNone (events.js:91:20)
12 verbose stack     at process.emit (events.js:185:7)
12 verbose stack     at processEmit (C:\develop_tools\nvm\v6.10.3\node_modules\npm\node_modules\npmlog\node_modules\gauge\node_modules\signal-exit\index.js:146:32)
12 verbose stack     at processEmit (C:\develop_tools\nvm\v6.10.3\node_modules\npm\node_modules\npm-registry-client\node_modules\npmlog\node_modules\gauge\node_modules\signal-exit\index.js:146:32)
12 verbose stack     at Signal.wrap.onsignal (internal/process.js:217:44)
13 verbose cwd G:\workspace\devEnvironment
14 error Windows_NT 6.1.7601
15 error argv "C:\\develop_tools\\nodejs\\node.exe" "C:\\develop_tools\\nodejs\\node_modules\\npm\\bin\\npm-cli.js" "start"
16 error node v6.10.3
17 error npm  v3.10.10
18 error code ENOSYS
19 error errno ENOSYS
20 error syscall kill
21 error kill ENOSYS
22 error If you need help, you may report this error at:
22 error     <https://github.com/npm/npm/issues>
23 verbose exit [ 1, true ]
